<?xml version="1.0" encoding="UTF-8"?>
<testsuite xmlns:xsi="http://www.w3.org/2001/XMLSchema-instance" xsi:noNamespaceSchemaLocation="https://maven.apache.org/surefire/maven-surefire-plugin/xsd/surefire-test-report-3.0.xsd" version="3.0" name="com.vshumick.task.kyiv.NbaPlayerStatsApplicationTests" time="8.692" tests="1" errors="0" skipped="0" failures="0">
  <properties>
[...]
</properties>
  <testcase name="contextLoads" classname="com.vshumick.task.kyiv.NbaPlayerStatsApplicationTests" time="0.807">
    <system-out><![CDATA[03:20:54.901 [main] INFO org.springframework.test.context.support.AnnotationConfigContextLoaderUtils -- Could not detect default configuration classes for test class [com.vshumick.task.kyiv.NbaPlayerStatsApplicationTests]: NbaPlayerStatsApplicationTests does not declare any static, non-private, non-final, nested classes annotated with @Configuration.
03:20:55.093 [main] INFO org.springframework.boot.test.context.SpringBootTestContextBootstrapper -- Found @SpringBootConfiguration com.vshumick.task.kyiv.NbaPlayerStatsApplication for test class com.vshumick.task.kyiv.NbaPlayerStatsApplicationTests

  .   ____          _            __ _ _
 /\\ / ___'_ __ _ _(_)_ __  __ _ \ \ \ \
( ( )\___ | '_ | '_| | '_ \/ _` | \ \ \ \
 \\/  ___)| |_)| | | | | || (_| |  ) ) ) )
  '  |____| .__|_| |_|_| |_\__, | / / / /
 =========|_|==============|___/=/_/_/_/
 :: Spring Boot ::                (v3.1.0)

2024-06-03T03:20:55.841+03:00  INFO 22096 --- [           main] c.v.t.k.NbaPlayerStatsApplicationTests   : Starting NbaPlayerStatsApplicationTests using Java 20.0.2 with PID 22096 (started by ADMIN in C:\Users\ADMIN\IdeaProjects\nba-player-stats)
2024-06-03T03:20:55.844+03:00  INFO 22096 --- [           main] c.v.t.k.NbaPlayerStatsApplicationTests   : No active profile set, falling back to 1 default profile: "default"
2024-06-03T03:20:56.762+03:00  INFO 22096 --- [           main] .s.d.r.c.RepositoryConfigurationDelegate : Bootstrapping Spring Data JPA repositories in DEFAULT mode.
2024-06-03T03:20:56.842+03:00  INFO 22096 --- [           main] .s.d.r.c.RepositoryConfigurationDelegate : Finished Spring Data repository scanning in 68 ms. Found 6 JPA repository interfaces.
2024-06-03T03:20:57.931+03:00  INFO 22096 --- [           main] o.f.c.internal.license.VersionPrinter    : Flyway Community Edition 9.16.3 by Redgate
2024-06-03T03:20:57.931+03:00  INFO 22096 --- [           main] o.f.c.internal.license.VersionPrinter    : See release notes here: https://rd.gt/416ObMi
2024-06-03T03:20:57.931+03:00  INFO 22096 --- [           main] o.f.c.internal.license.VersionPrinter    : 
2024-06-03T03:20:57.944+03:00  INFO 22096 --- [           main] com.zaxxer.hikari.HikariDataSource       : HikariPool-1 - Starting...
2024-06-03T03:20:58.305+03:00  INFO 22096 --- [           main] com.zaxxer.hikari.pool.HikariPool        : HikariPool-1 - Added connection org.postgresql.jdbc.PgConnection@773014d3
2024-06-03T03:20:58.307+03:00  INFO 22096 --- [           main] com.zaxxer.hikari.HikariDataSource       : HikariPool-1 - Start completed.
2024-06-03T03:20:58.336+03:00  INFO 22096 --- [           main] o.f.c.i.database.base.BaseDatabaseType   : Database: jdbc:postgresql://localhost:5432/testDB (PostgreSQL 16.1)
2024-06-03T03:20:58.356+03:00  WARN 22096 --- [           main] o.f.c.internal.database.base.Database    : Flyway upgrade recommended: PostgreSQL 16.1 is newer than this version of Flyway and support has not been tested. The latest supported version of PostgreSQL is 15.
2024-06-03T03:20:58.408+03:00  INFO 22096 --- [           main] o.f.core.internal.command.DbValidate     : Successfully validated 1 migration (execution time 00:00.036s)
2024-06-03T03:20:58.482+03:00  INFO 22096 --- [           main] o.f.core.internal.command.DbMigrate      : Current version of schema "public": 1
2024-06-03T03:20:58.484+03:00  INFO 22096 --- [           main] o.f.core.internal.command.DbMigrate      : Schema "public" is up to date. No migration necessary.
2024-06-03T03:20:58.708+03:00  INFO 22096 --- [           main] o.hibernate.jpa.internal.util.LogHelper  : HHH000204: Processing PersistenceUnitInfo [name: default]
2024-06-03T03:20:58.794+03:00  INFO 22096 --- [           main] org.hibernate.Version                    : HHH000412: Hibernate ORM core version 6.2.2.Final
2024-06-03T03:20:58.798+03:00  INFO 22096 --- [           main] org.hibernate.cfg.Environment            : HHH000406: Using bytecode reflection optimizer
2024-06-03T03:20:59.038+03:00  INFO 22096 --- [           main] o.h.b.i.BytecodeProviderInitiator        : HHH000021: Bytecode provider name : bytebuddy
2024-06-03T03:20:59.318+03:00  INFO 22096 --- [           main] o.s.o.j.p.SpringPersistenceUnitInfo      : No LoadTimeWeaver setup: ignoring JPA class transformer
2024-06-03T03:20:59.435+03:00  INFO 22096 --- [           main] org.hibernate.orm.dialect                : HHH035001: Using dialect: org.hibernate.dialect.PostgreSQLDialect, version: org.hibernate.engine.jdbc.env.internal.JdbcEnvironmentInitiator$DialectResolutionInfoImpl@3ba3f40d
2024-06-03T03:20:59.771+03:00  INFO 22096 --- [           main] o.h.b.i.BytecodeProviderInitiator        : HHH000021: Bytecode provider name : bytebuddy
2024-06-03T03:21:00.740+03:00  INFO 22096 --- [           main] o.h.e.t.j.p.i.JtaPlatformInitiator       : HHH000490: Using JtaPlatform implementation: [org.hibernate.engine.transaction.jta.platform.internal.NoJtaPlatform]
2024-06-03T03:21:00.884+03:00  INFO 22096 --- [           main] j.LocalContainerEntityManagerFactoryBean : Initialized JPA EntityManagerFactory for persistence unit 'default'
2024-06-03T03:21:01.701+03:00  WARN 22096 --- [           main] JpaBaseConfiguration$JpaWebConfiguration : spring.jpa.open-in-view is enabled by default. Therefore, database queries may be performed during view rendering. Explicitly configure spring.jpa.open-in-view to disable this warning
2024-06-03T03:21:01.998+03:00  INFO 22096 --- [           main] o.s.b.a.w.s.WelcomePageHandlerMapping    : Adding welcome page: class path resource [static/index.html]
2024-06-03T03:21:02.283+03:00  WARN 22096 --- [           main] ion$DefaultTemplateResolverConfiguration : Cannot find template location: classpath:/templates/ (please add some templates, check your Thymeleaf configuration, or set spring.thymeleaf.check-template-location=false)
2024-06-03T03:21:02.475+03:00  INFO 22096 --- [           main] c.v.t.k.NbaPlayerStatsApplicationTests   : Started NbaPlayerStatsApplicationTests in 7.042 seconds (process running for 8.684)
]]></system-out>
  </testcase>
</testsuite>